# JRE version: 7.0_11-b21
# Java VM: Java HotSpot(TM) 64-Bit Server VM (23.6-b04 mixed mode windows-amd64 compressed oops)
Heap
 PSYoungGen      total 11392K, used 8766K [0x00000000fa000000, 0x00000000fb000000, 0x0000000100000000)
  eden space 10752K, 76% used [0x00000000fa000000,0x00000000fa7fd2d8,0x00000000faa80000)
  from space 640K, 91% used [0x00000000faa80000,0x00000000fab12600,0x00000000fab20000)
  to   space 2816K, 0% used [0x00000000fad40000,0x00000000fad40000,0x00000000fb000000)
 ParOldGen       total 65088K, used 60532K [0x00000000e8000000, 0x00000000ebf90000, 0x00000000fa000000)
  object space 65088K, 93% used [0x00000000e8000000,0x00000000ebb1d1e0,0x00000000ebf90000)
 PSPermGen       total 63168K, used 62476K [0x00000000e0000000, 0x00000000e3db0000, 0x00000000e8000000)
  object space 63168K, 98% used [0x00000000e0000000,0x00000000e3d03280,0x00000000e3db0000)
GC Heap History (10 events):
Event: 272749.562 GC heap before
{Heap before GC invocations=6115 (full 34):
 PSYoungGen      total 13696K, used 13373K [0x00000000fa000000, 0x00000000fb000000, 0x0000000100000000)
  eden space 11520K, 100% used [0x00000000fa000000,0x00000000fab40000,0x00000000fab40000)
  from space 2176K, 85% used [0x00000000fade0000,0x00000000fafaf7a0,0x00000000fb000000)
  to   space 2432K, 0% used [0x00000000fab40000,0x00000000fab40000,0x00000000fada0000)
 ParOldGen       total 65088K, used 58402K [0x00000000e8000000, 0x00000000ebf90000, 0x00000000fa000000)
  object space 65088K, 89% used [0x00000000e8000000,0x00000000eb9089b0,0x00000000ebf90000)
 PSPermGen       total 63168K, used 62421K [0x00000000e0000000, 0x00000000e3db0000, 0x00000000e8000000)
  object space 63168K, 98% used [0x00000000e0000000,0x00000000e3cf5798,0x00000000e3db0000)
Event: 272749.565 GC heap after
Heap after GC invocations=6115 (full 34):
 PSYoungGen      total 13952K, used 256K [0x00000000fa000000, 0x00000000fb000000, 0x0000000100000000)
  eden space 11520K, 0% used [0x00000000fa000000,0x00000000fa000000,0x00000000fab40000)
  from space 2432K, 10% used [0x00000000fab40000,0x00000000fab80000,0x00000000fada0000)
  to   space 2368K, 0% used [0x00000000fadb0000,0x00000000fadb0000,0x00000000fb000000)
 ParOldGen       total 65088K, used 60032K [0x00000000e8000000, 0x00000000ebf90000, 0x00000000fa000000)
  object space 65088K, 92% used [0x00000000e8000000,0x00000000ebaa02e0,0x00000000ebf90000)
 PSPermGen       total 63168K, used 62421K [0x00000000e0000000, 0x00000000e3db0000, 0x00000000e8000000)
  object space 63168K, 98% used [0x00000000e0000000,0x00000000e3cf5798,0x00000000e3db0000)
}
Event: 272764.425 GC heap before
{Heap before GC invocations=6116 (full 34):
 PSYoungGen      total 13952K, used 11776K [0x00000000fa000000, 0x00000000fb000000, 0x0000000100000000)
  eden space 11520K, 100% used [0x00000000fa000000,0x00000000fab40000,0x00000000fab40000)
  from space 2432K, 10% used [0x00000000fab40000,0x00000000fab80000,0x00000000fada0000)
  to   space 2368K, 0% used [0x00000000fadb0000,0x00000000fadb0000,0x00000000fb000000)
 ParOldGen       total 65088K, used 60032K [0x00000000e8000000, 0x00000000ebf90000, 0x00000000fa000000)
  object space 65088K, 92% used [0x00000000e8000000,0x00000000ebaa02e0,0x00000000ebf90000)
 PSPermGen       total 63168K, used 62465K [0x00000000e0000000, 0x00000000e3db0000, 0x00000000e8000000)
  object space 63168K, 98% used [0x00000000e0000000,0x00000000e3d00520,0x00000000e3db0000)
Event: 272764.429 GC heap after
Heap after GC invocations=6116 (full 34):
 PSYoungGen      total 13632K, used 2321K [0x00000000fa000000, 0x00000000fb060000, 0x0000000100000000)
  eden space 11264K, 0% used [0x00000000fa000000,0x00000000fa000000,0x00000000fab00000)
  from space 2368K, 98% used [0x00000000fadb0000,0x00000000faff4618,0x00000000fb000000)
  to   space 2752K, 0% used [0x00000000fab00000,0x00000000fab00000,0x00000000fadb0000)
 ParOldGen       total 65088K, used 60032K [0x00000000e8000000, 0x00000000ebf90000, 0x00000000fa000000)
  object space 65088K, 92% used [0x00000000e8000000,0x00000000ebaa02e0,0x00000000ebf90000)
 PSPermGen       total 63168K, used 62465K [0x00000000e0000000, 0x00000000e3db0000, 0x00000000e8000000)
  object space 63168K, 98% used [0x00000000e0000000,0x00000000e3d00520,0x00000000e3db0000)
}
Event: 272764.726 GC heap before
{Heap before GC invocations=6117 (full 34):
 PSYoungGen      total 13632K, used 13585K [0x00000000fa000000, 0x00000000fb060000, 0x0000000100000000)
  eden space 11264K, 100% used [0x00000000fa000000,0x00000000fab00000,0x00000000fab00000)
  from space 2368K, 98% used [0x00000000fadb0000,0x00000000faff4618,0x00000000fb000000)
  to   space 2752K, 0% used [0x00000000fab00000,0x00000000fab00000,0x00000000fadb0000)
 ParOldGen       total 65088K, used 60032K [0x00000000e8000000, 0x00000000ebf90000, 0x00000000fa000000)
  object space 65088K, 92% used [0x00000000e8000000,0x00000000ebaa02e0,0x00000000ebf90000)
 PSPermGen       total 63168K, used 62476K [0x00000000e0000000, 0x00000000e3db0000, 0x00000000e8000000)
  object space 63168K, 98% used [0x00000000e0000000,0x00000000e3d03280,0x00000000e3db0000)
Event: 272764.730 GC heap after
Heap after GC invocations=6117 (full 34):
 PSYoungGen      total 13760K, used 2284K [0x00000000fa000000, 0x00000000fb0c0000, 0x0000000100000000)
  eden space 11008K, 0% used [0x00000000fa000000,0x00000000fa000000,0x00000000faac0000)
  from space 2752K, 83% used [0x00000000fab00000,0x00000000fad3b280,0x00000000fadb0000)
  to   space 3072K, 0% used [0x00000000fadc0000,0x00000000fadc0000,0x00000000fb0c0000)
 ParOldGen       total 65088K, used 60032K [0x00000000e8000000, 0x00000000ebf90000, 0x00000000fa000000)
  object space 65088K, 92% used [0x00000000e8000000,0x00000000ebaa02e0,0x00000000ebf90000)
 PSPermGen       total 63168K, used 62476K [0x00000000e0000000, 0x00000000e3db0000, 0x00000000e8000000)
  object space 63168K, 98% used [0x00000000e0000000,0x00000000e3d03280,0x00000000e3db0000)
}
Event: 272777.534 GC heap before
{Heap before GC invocations=6118 (full 34):
 PSYoungGen      total 13760K, used 13292K [0x00000000fa000000, 0x00000000fb0c0000, 0x0000000100000000)
  eden space 11008K, 100% used [0x00000000fa000000,0x00000000faac0000,0x00000000faac0000)
  from space 2752K, 83% used [0x00000000fab00000,0x00000000fad3b280,0x00000000fadb0000)
  to   space 3072K, 0% used [0x00000000fadc0000,0x00000000fadc0000,0x00000000fb0c0000)
 ParOldGen       total 65088K, used 60032K [0x00000000e8000000, 0x00000000ebf90000, 0x00000000fa000000)
  object space 65088K, 92% used [0x00000000e8000000,0x00000000ebaa02e0,0x00000000ebf90000)
 PSPermGen       total 63168K, used 62476K [0x00000000e0000000, 0x00000000e3db0000, 0x00000000e8000000)
  object space 63168K, 98% used [0x00000000e0000000,0x00000000e3d03280,0x00000000e3db0000)
Event: 272777.538 GC heap after
Heap after GC invocations=6118 (full 34):
 PSYoungGen      total 13312K, used 872K [0x00000000fa000000, 0x00000000fb040000, 0x0000000100000000)
  eden space 10752K, 0% used [0x00000000fa000000,0x00000000fa000000,0x00000000faa80000)
  from space 2560K, 34% used [0x00000000fadc0000,0x00000000fae9a280,0x00000000fb040000)
  to   space 2944K, 0% used [0x00000000faa80000,0x00000000faa80000,0x00000000fad60000)
 ParOldGen       total 65088K, used 60273K [0x00000000e8000000, 0x00000000ebf90000, 0x00000000fa000000)
  object space 65088K, 92% used [0x00000000e8000000,0x00000000ebadc788,0x00000000ebf90000)
 PSPermGen       total 63168K, used 62476K [0x00000000e0000000, 0x00000000e3db0000, 0x00000000e8000000)
  object space 63168K, 98% used [0x00000000e0000000,0x00000000e3d03280,0x00000000e3db0000)
}
Event: 272787.210 GC heap before
{Heap before GC invocations=6119 (full 34):
 PSYoungGen      total 13312K, used 11624K [0x00000000fa000000, 0x00000000fb040000, 0x0000000100000000)
  eden space 10752K, 100% used [0x00000000fa000000,0x00000000faa80000,0x00000000faa80000)
  from space 2560K, 34% used [0x00000000fadc0000,0x00000000fae9a280,0x00000000fb040000)
  to   space 2944K, 0% used [0x00000000faa80000,0x00000000faa80000,0x00000000fad60000)
 ParOldGen       total 65088K, used 60273K [0x00000000e8000000, 0x00000000ebf90000, 0x00000000fa000000)
  object space 65088K, 92% used [0x00000000e8000000,0x00000000ebadc788,0x00000000ebf90000)
 PSPermGen       total 63168K, used 62476K [0x00000000e0000000, 0x00000000e3db0000, 0x00000000e8000000)
  object space 63168K, 98% used [0x00000000e0000000,0x00000000e3d03280,0x00000000e3db0000)
Event: 272787.213 GC heap after
Heap after GC invocations=6119 (full 34):
 PSYoungGen      total 11392K, used 585K [0x00000000fa000000, 0x00000000fb000000, 0x0000000100000000)
  eden space 10752K, 0% used [0x00000000fa000000,0x00000000fa000000,0x00000000faa80000)
  from space 640K, 91% used [0x00000000faa80000,0x00000000fab12600,0x00000000fab20000)
  to   space 2816K, 0% used [0x00000000fad40000,0x00000000fad40000,0x00000000fb000000)
 ParOldGen       total 65088K, used 60532K [0x00000000e8000000, 0x00000000ebf90000, 0x00000000fa000000)
  object space 65088K, 93% used [0x00000000e8000000,0x00000000ebb1d1e0,0x00000000ebf90000)
 PSPermGen       total 63168K, used 62476K [0x00000000e0000000, 0x00000000e3db0000, 0x00000000e8000000)
  object space 63168K, 98% used [0x00000000e0000000,0x00000000e3d03280,0x00000000e3db0000)
}

