# JRE version: 7.0_11-b21
# Java VM: Java HotSpot(TM) 64-Bit Server VM (23.6-b04 mixed mode windows-amd64 compressed oops)
Heap
 PSYoungGen      total 13504K, used 4575K [0x00000000fa000000, 0x00000000fb000000, 0x0000000100000000)
  eden space 10560K, 25% used [0x00000000fa000000,0x00000000fa2a28f8,0x00000000faa50000)
  from space 2944K, 63% used [0x00000000fad20000,0x00000000faef5408,0x00000000fb000000)
  to   space 2880K, 0% used [0x00000000faa50000,0x00000000faa50000,0x00000000fad20000)
 ParOldGen       total 82304K, used 72736K [0x00000000e8000000, 0x00000000ed060000, 0x00000000fa000000)
  object space 82304K, 88% used [0x00000000e8000000,0x00000000ec708190,0x00000000ed060000)
 PSPermGen       total 105024K, used 66845K [0x00000000e0000000, 0x00000000e6690000, 0x00000000e8000000)
  object space 105024K, 63% used [0x00000000e0000000,0x00000000e41474b0,0x00000000e6690000)
GC Heap History (10 events):
Event: 501811.188 GC heap before
{Heap before GC invocations=5166 (full 8):
 PSYoungGen      total 13312K, used 12255K [0x00000000fa000000, 0x00000000fb000000, 0x0000000100000000)
  eden space 10240K, 100% used [0x00000000fa000000,0x00000000faa00000,0x00000000faa00000)
  from space 3072K, 65% used [0x00000000faa00000,0x00000000fabf7f70,0x00000000fad00000)
  to   space 3008K, 0% used [0x00000000fad10000,0x00000000fad10000,0x00000000fb000000)
 ParOldGen       total 82304K, used 72560K [0x00000000e8000000, 0x00000000ed060000, 0x00000000fa000000)
  object space 82304K, 88% used [0x00000000e8000000,0x00000000ec6dc190,0x00000000ed060000)
 PSPermGen       total 105024K, used 66845K [0x00000000e0000000, 0x00000000e6690000, 0x00000000e8000000)
  object space 105024K, 63% used [0x00000000e0000000,0x00000000e4147490,0x00000000e6690000)
Event: 501811.191 GC heap after
Heap after GC invocations=5166 (full 8):
 PSYoungGen      total 13376K, used 2102K [0x00000000fa000000, 0x00000000fb000000, 0x0000000100000000)
  eden space 10368K, 0% used [0x00000000fa000000,0x00000000fa000000,0x00000000faa20000)
  from space 3008K, 69% used [0x00000000fad10000,0x00000000faf1dba8,0x00000000fb000000)
  to   space 3008K, 0% used [0x00000000faa20000,0x00000000faa20000,0x00000000fad10000)
 ParOldGen       total 82304K, used 72576K [0x00000000e8000000, 0x00000000ed060000, 0x00000000fa000000)
  object space 82304K, 88% used [0x00000000e8000000,0x00000000ec6e0190,0x00000000ed060000)
 PSPermGen       total 105024K, used 66845K [0x00000000e0000000, 0x00000000e6690000, 0x00000000e8000000)
  object space 105024K, 63% used [0x00000000e0000000,0x00000000e4147490,0x00000000e6690000)
}
Event: 501811.669 GC heap before
{Heap before GC invocations=5167 (full 8):
 PSYoungGen      total 13376K, used 12470K [0x00000000fa000000, 0x00000000fb000000, 0x0000000100000000)
  eden space 10368K, 100% used [0x00000000fa000000,0x00000000faa20000,0x00000000faa20000)
  from space 3008K, 69% used [0x00000000fad10000,0x00000000faf1dba8,0x00000000fb000000)
  to   space 3008K, 0% used [0x00000000faa20000,0x00000000faa20000,0x00000000fad10000)
 ParOldGen       total 82304K, used 72576K [0x00000000e8000000, 0x00000000ed060000, 0x00000000fa000000)
  object space 82304K, 88% used [0x00000000e8000000,0x00000000ec6e0190,0x00000000ed060000)
 PSPermGen       total 105024K, used 66845K [0x00000000e0000000, 0x00000000e6690000, 0x00000000e8000000)
  object space 105024K, 63% used [0x00000000e0000000,0x00000000e4147490,0x00000000e6690000)
Event: 501811.673 GC heap after
Heap after GC invocations=5167 (full 8):
 PSYoungGen      total 13376K, used 2104K [0x00000000fa000000, 0x00000000fb000000, 0x0000000100000000)
  eden space 10368K, 0% used [0x00000000fa000000,0x00000000fa000000,0x00000000faa20000)
  from space 3008K, 69% used [0x00000000faa20000,0x00000000fac2e168,0x00000000fad10000)
  to   space 3008K, 0% used [0x00000000fad10000,0x00000000fad10000,0x00000000fb000000)
 ParOldGen       total 82304K, used 72592K [0x00000000e8000000, 0x00000000ed060000, 0x00000000fa000000)
  object space 82304K, 88% used [0x00000000e8000000,0x00000000ec6e4190,0x00000000ed060000)
 PSPermGen       total 105024K, used 66845K [0x00000000e0000000, 0x00000000e6690000, 0x00000000e8000000)
  object space 105024K, 63% used [0x00000000e0000000,0x00000000e4147490,0x00000000e6690000)
}
Event: 501824.970 GC heap before
{Heap before GC invocations=5168 (full 8):
 PSYoungGen      total 13376K, used 12472K [0x00000000fa000000, 0x00000000fb000000, 0x0000000100000000)
  eden space 10368K, 100% used [0x00000000fa000000,0x00000000faa20000,0x00000000faa20000)
  from space 3008K, 69% used [0x00000000faa20000,0x00000000fac2e168,0x00000000fad10000)
  to   space 3008K, 0% used [0x00000000fad10000,0x00000000fad10000,0x00000000fb000000)
 ParOldGen       total 82304K, used 72592K [0x00000000e8000000, 0x00000000ed060000, 0x00000000fa000000)
  object space 82304K, 88% used [0x00000000e8000000,0x00000000ec6e4190,0x00000000ed060000)
 PSPermGen       total 105024K, used 66845K [0x00000000e0000000, 0x00000000e6690000, 0x00000000e8000000)
  object space 105024K, 63% used [0x00000000e0000000,0x00000000e4147490,0x00000000e6690000)
Event: 501824.973 GC heap after
Heap after GC invocations=5168 (full 8):
 PSYoungGen      total 13376K, used 2005K [0x00000000fa000000, 0x00000000fb000000, 0x0000000100000000)
  eden space 10368K, 0% used [0x00000000fa000000,0x00000000fa000000,0x00000000faa20000)
  from space 3008K, 66% used [0x00000000fad10000,0x00000000faf05750,0x00000000fb000000)
  to   space 3008K, 0% used [0x00000000faa20000,0x00000000faa20000,0x00000000fad10000)
 ParOldGen       total 82304K, used 72640K [0x00000000e8000000, 0x00000000ed060000, 0x00000000fa000000)
  object space 82304K, 88% used [0x00000000e8000000,0x00000000ec6f0190,0x00000000ed060000)
 PSPermGen       total 105024K, used 66845K [0x00000000e0000000, 0x00000000e6690000, 0x00000000e8000000)
  object space 105024K, 63% used [0x00000000e0000000,0x00000000e4147490,0x00000000e6690000)
}
Event: 501832.113 GC heap before
{Heap before GC invocations=5169 (full 8):
 PSYoungGen      total 13376K, used 12373K [0x00000000fa000000, 0x00000000fb000000, 0x0000000100000000)
  eden space 10368K, 100% used [0x00000000fa000000,0x00000000faa20000,0x00000000faa20000)
  from space 3008K, 66% used [0x00000000fad10000,0x00000000faf05750,0x00000000fb000000)
  to   space 3008K, 0% used [0x00000000faa20000,0x00000000faa20000,0x00000000fad10000)
 ParOldGen       total 82304K, used 72640K [0x00000000e8000000, 0x00000000ed060000, 0x00000000fa000000)
  object space 82304K, 88% used [0x00000000e8000000,0x00000000ec6f0190,0x00000000ed060000)
 PSPermGen       total 105024K, used 66845K [0x00000000e0000000, 0x00000000e6690000, 0x00000000e8000000)
  object space 105024K, 63% used [0x00000000e0000000,0x00000000e41474b0,0x00000000e6690000)
Event: 501832.115 GC heap after
Heap after GC invocations=5169 (full 8):
 PSYoungGen      total 13376K, used 1350K [0x00000000fa000000, 0x00000000fb000000, 0x0000000100000000)
  eden space 10368K, 0% used [0x00000000fa000000,0x00000000fa000000,0x00000000faa20000)
  from space 3008K, 44% used [0x00000000faa20000,0x00000000fab71ab8,0x00000000fad10000)
  to   space 2944K, 0% used [0x00000000fad20000,0x00000000fad20000,0x00000000fb000000)
 ParOldGen       total 82304K, used 72704K [0x00000000e8000000, 0x00000000ed060000, 0x00000000fa000000)
  object space 82304K, 88% used [0x00000000e8000000,0x00000000ec700190,0x00000000ed060000)
 PSPermGen       total 105024K, used 66845K [0x00000000e0000000, 0x00000000e6690000, 0x00000000e8000000)
  object space 105024K, 63% used [0x00000000e0000000,0x00000000e41474b0,0x00000000e6690000)
}
Event: 501837.030 GC heap before
{Heap before GC invocations=5170 (full 8):
 PSYoungGen      total 13376K, used 11718K [0x00000000fa000000, 0x00000000fb000000, 0x0000000100000000)
  eden space 10368K, 100% used [0x00000000fa000000,0x00000000faa20000,0x00000000faa20000)
  from space 3008K, 44% used [0x00000000faa20000,0x00000000fab71ab8,0x00000000fad10000)
  to   space 2944K, 0% used [0x00000000fad20000,0x00000000fad20000,0x00000000fb000000)
 ParOldGen       total 82304K, used 72704K [0x00000000e8000000, 0x00000000ed060000, 0x00000000fa000000)
  object space 82304K, 88% used [0x00000000e8000000,0x00000000ec700190,0x00000000ed060000)
 PSPermGen       total 105024K, used 66845K [0x00000000e0000000, 0x00000000e6690000, 0x00000000e8000000)
  object space 105024K, 63% used [0x00000000e0000000,0x00000000e41474b0,0x00000000e6690000)
Event: 501837.032 GC heap after
Heap after GC invocations=5170 (full 8):
 PSYoungGen      total 13504K, used 1877K [0x00000000fa000000, 0x00000000fb000000, 0x0000000100000000)
  eden space 10560K, 0% used [0x00000000fa000000,0x00000000fa000000,0x00000000faa50000)
  from space 2944K, 63% used [0x00000000fad20000,0x00000000faef5408,0x00000000fb000000)
  to   space 2880K, 0% used [0x00000000faa50000,0x00000000faa50000,0x00000000fad20000)
 ParOldGen       total 82304K, used 72736K [0x00000000e8000000, 0x00000000ed060000, 0x00000000fa000000)
  object space 82304K, 88% used [0x00000000e8000000,0x00000000ec708190,0x00000000ed060000)
 PSPermGen       total 105024K, used 66845K [0x00000000e0000000, 0x00000000e6690000, 0x00000000e8000000)
  object space 105024K, 63% used [0x00000000e0000000,0x00000000e41474b0,0x00000000e6690000)
}

