# JRE version: 7.0_11-b21
# Java VM: Java HotSpot(TM) 64-Bit Server VM (23.6-b04 mixed mode windows-amd64 compressed oops)
Heap
 PSYoungGen      total 14464K, used 3802K [0x00000000fa000000, 0x00000000fb0e0000, 0x0000000100000000)
  eden space 12288K, 14% used [0x00000000fa000000,0x00000000fa1b2c18,0x00000000fac00000)
  from space 2176K, 94% used [0x00000000fae60000,0x00000000fb063ec8,0x00000000fb080000)
  to   space 2432K, 0% used [0x00000000fac00000,0x00000000fac00000,0x00000000fae60000)
 ParOldGen       total 98176K, used 89761K [0x00000000e8000000, 0x00000000edfe0000, 0x00000000fa000000)
  object space 98176K, 91% used [0x00000000e8000000,0x00000000ed7a8408,0x00000000edfe0000)
 PSPermGen       total 117056K, used 60409K [0x00000000e0000000, 0x00000000e7250000, 0x00000000e8000000)
  object space 117056K, 51% used [0x00000000e0000000,0x00000000e3afe660,0x00000000e7250000)
GC Heap History (10 events):
Event: 75257.096 GC heap before
{Heap before GC invocations=208 (full 2):
 PSYoungGen      total 13696K, used 13695K [0x00000000fa000000, 0x00000000fb080000, 0x0000000100000000)
  eden space 12928K, 100% used [0x00000000fa000000,0x00000000faca0000,0x00000000faca0000)
  from space 768K, 99% used [0x00000000facc0000,0x00000000fad7fff8,0x00000000fad80000)
  to   space 1984K, 0% used [0x00000000fae90000,0x00000000fae90000,0x00000000fb080000)
 ParOldGen       total 98176K, used 89753K [0x00000000e8000000, 0x00000000edfe0000, 0x00000000fa000000)
  object space 98176K, 91% used [0x00000000e8000000,0x00000000ed7a6408,0x00000000edfe0000)
 PSPermGen       total 117056K, used 60401K [0x00000000e0000000, 0x00000000e7250000, 0x00000000e8000000)
  object space 117056K, 51% used [0x00000000e0000000,0x00000000e3afc7f8,0x00000000e7250000)
Event: 75257.098 GC heap after
Heap after GC invocations=208 (full 2):
 PSYoungGen      total 14528K, used 825K [0x00000000fa000000, 0x00000000fb040000, 0x0000000100000000)
  eden space 12800K, 0% used [0x00000000fa000000,0x00000000fa000000,0x00000000fac80000)
  from space 1728K, 47% used [0x00000000fae90000,0x00000000faf5e760,0x00000000fb040000)
  to   space 1920K, 0% used [0x00000000fac80000,0x00000000fac80000,0x00000000fae60000)
 ParOldGen       total 98176K, used 89753K [0x00000000e8000000, 0x00000000edfe0000, 0x00000000fa000000)
  object space 98176K, 91% used [0x00000000e8000000,0x00000000ed7a6408,0x00000000edfe0000)
 PSPermGen       total 117056K, used 60401K [0x00000000e0000000, 0x00000000e7250000, 0x00000000e8000000)
  object space 117056K, 51% used [0x00000000e0000000,0x00000000e3afc7f8,0x00000000e7250000)
}
Event: 75281.691 GC heap before
{Heap before GC invocations=209 (full 2):
 PSYoungGen      total 14528K, used 13625K [0x00000000fa000000, 0x00000000fb040000, 0x0000000100000000)
  eden space 12800K, 100% used [0x00000000fa000000,0x00000000fac80000,0x00000000fac80000)
  from space 1728K, 47% used [0x00000000fae90000,0x00000000faf5e760,0x00000000fb040000)
  to   space 1920K, 0% used [0x00000000fac80000,0x00000000fac80000,0x00000000fae60000)
 ParOldGen       total 98176K, used 89753K [0x00000000e8000000, 0x00000000edfe0000, 0x00000000fa000000)
  object space 98176K, 91% used [0x00000000e8000000,0x00000000ed7a6408,0x00000000edfe0000)
 PSPermGen       total 117056K, used 60401K [0x00000000e0000000, 0x00000000e7250000, 0x00000000e8000000)
  object space 117056K, 51% used [0x00000000e0000000,0x00000000e3afc7f8,0x00000000e7250000)
Event: 75281.694 GC heap after
Heap after GC invocations=209 (full 2):
 PSYoungGen      total 13632K, used 784K [0x00000000fa000000, 0x00000000fb000000, 0x0000000100000000)
  eden space 12800K, 0% used [0x00000000fa000000,0x00000000fa000000,0x00000000fac80000)
  from space 832K, 94% used [0x00000000fac80000,0x00000000fad44008,0x00000000fad50000)
  to   space 1792K, 0% used [0x00000000fae40000,0x00000000fae40000,0x00000000fb000000)
 ParOldGen       total 98176K, used 89753K [0x00000000e8000000, 0x00000000edfe0000, 0x00000000fa000000)
  object space 98176K, 91% used [0x00000000e8000000,0x00000000ed7a6408,0x00000000edfe0000)
 PSPermGen       total 117056K, used 60401K [0x00000000e0000000, 0x00000000e7250000, 0x00000000e8000000)
  object space 117056K, 51% used [0x00000000e0000000,0x00000000e3afc7f8,0x00000000e7250000)
}
Event: 75302.081 GC heap before
{Heap before GC invocations=210 (full 2):
 PSYoungGen      total 13632K, used 13584K [0x00000000fa000000, 0x00000000fb000000, 0x0000000100000000)
  eden space 12800K, 100% used [0x00000000fa000000,0x00000000fac80000,0x00000000fac80000)
  from space 832K, 94% used [0x00000000fac80000,0x00000000fad44008,0x00000000fad50000)
  to   space 1792K, 0% used [0x00000000fae40000,0x00000000fae40000,0x00000000fb000000)
 ParOldGen       total 98176K, used 89753K [0x00000000e8000000, 0x00000000edfe0000, 0x00000000fa000000)
  object space 98176K, 91% used [0x00000000e8000000,0x00000000ed7a6408,0x00000000edfe0000)
 PSPermGen       total 117056K, used 60402K [0x00000000e0000000, 0x00000000e7250000, 0x00000000e8000000)
  object space 117056K, 51% used [0x00000000e0000000,0x00000000e3afc988,0x00000000e7250000)
Event: 75302.084 GC heap after
Heap after GC invocations=210 (full 2):
 PSYoungGen      total 14464K, used 1276K [0x00000000fa000000, 0x00000000fb000000, 0x0000000100000000)
  eden space 12672K, 0% used [0x00000000fa000000,0x00000000fa000000,0x00000000fac60000)
  from space 1792K, 71% used [0x00000000fae40000,0x00000000faf7f180,0x00000000fb000000)
  to   space 1856K, 0% used [0x00000000fac60000,0x00000000fac60000,0x00000000fae30000)
 ParOldGen       total 98176K, used 89753K [0x00000000e8000000, 0x00000000edfe0000, 0x00000000fa000000)
  object space 98176K, 91% used [0x00000000e8000000,0x00000000ed7a6408,0x00000000edfe0000)
 PSPermGen       total 117056K, used 60402K [0x00000000e0000000, 0x00000000e7250000, 0x00000000e8000000)
  object space 117056K, 51% used [0x00000000e0000000,0x00000000e3afc988,0x00000000e7250000)
}
Event: 75321.195 GC heap before
{Heap before GC invocations=211 (full 2):
 PSYoungGen      total 14464K, used 13948K [0x00000000fa000000, 0x00000000fb000000, 0x0000000100000000)
  eden space 12672K, 100% used [0x00000000fa000000,0x00000000fac60000,0x00000000fac60000)
  from space 1792K, 71% used [0x00000000fae40000,0x00000000faf7f180,0x00000000fb000000)
  to   space 1856K, 0% used [0x00000000fac60000,0x00000000fac60000,0x00000000fae30000)
 ParOldGen       total 98176K, used 89753K [0x00000000e8000000, 0x00000000edfe0000, 0x00000000fa000000)
  object space 98176K, 91% used [0x00000000e8000000,0x00000000ed7a6408,0x00000000edfe0000)
 PSPermGen       total 117056K, used 60407K [0x00000000e0000000, 0x00000000e7250000, 0x00000000e8000000)
  object space 117056K, 51% used [0x00000000e0000000,0x00000000e3afdd60,0x00000000e7250000)
Event: 75321.198 GC heap after
Heap after GC invocations=211 (full 2):
 PSYoungGen      total 14400K, used 1843K [0x00000000fa000000, 0x00000000fb080000, 0x0000000100000000)
  eden space 12544K, 0% used [0x00000000fa000000,0x00000000fa000000,0x00000000fac40000)
  from space 1856K, 99% used [0x00000000fac60000,0x00000000fae2cf28,0x00000000fae30000)
  to   space 2176K, 0% used [0x00000000fae60000,0x00000000fae60000,0x00000000fb080000)
 ParOldGen       total 98176K, used 89761K [0x00000000e8000000, 0x00000000edfe0000, 0x00000000fa000000)
  object space 98176K, 91% used [0x00000000e8000000,0x00000000ed7a8408,0x00000000edfe0000)
 PSPermGen       total 117056K, used 60407K [0x00000000e0000000, 0x00000000e7250000, 0x00000000e8000000)
  object space 117056K, 51% used [0x00000000e0000000,0x00000000e3afdd60,0x00000000e7250000)
}
Event: 75361.071 GC heap before
{Heap before GC invocations=212 (full 2):
 PSYoungGen      total 14400K, used 14387K [0x00000000fa000000, 0x00000000fb080000, 0x0000000100000000)
  eden space 12544K, 100% used [0x00000000fa000000,0x00000000fac40000,0x00000000fac40000)
  from space 1856K, 99% used [0x00000000fac60000,0x00000000fae2cf28,0x00000000fae30000)
  to   space 2176K, 0% used [0x00000000fae60000,0x00000000fae60000,0x00000000fb080000)
 ParOldGen       total 98176K, used 89761K [0x00000000e8000000, 0x00000000edfe0000, 0x00000000fa000000)
  object space 98176K, 91% used [0x00000000e8000000,0x00000000ed7a8408,0x00000000edfe0000)
 PSPermGen       total 117056K, used 60409K [0x00000000e0000000, 0x00000000e7250000, 0x00000000e8000000)
  object space 117056K, 51% used [0x00000000e0000000,0x00000000e3afe660,0x00000000e7250000)
Event: 75361.074 GC heap after
Heap after GC invocations=212 (full 2):
 PSYoungGen      total 14464K, used 2063K [0x00000000fa000000, 0x00000000fb0e0000, 0x0000000100000000)
  eden space 12288K, 0% used [0x00000000fa000000,0x00000000fa000000,0x00000000fac00000)
  from space 2176K, 94% used [0x00000000fae60000,0x00000000fb063ec8,0x00000000fb080000)
  to   space 2432K, 0% used [0x00000000fac00000,0x00000000fac00000,0x00000000fae60000)
 ParOldGen       total 98176K, used 89761K [0x00000000e8000000, 0x00000000edfe0000, 0x00000000fa000000)
  object space 98176K, 91% used [0x00000000e8000000,0x00000000ed7a8408,0x00000000edfe0000)
 PSPermGen       total 117056K, used 60409K [0x00000000e0000000, 0x00000000e7250000, 0x00000000e8000000)
  object space 117056K, 51% used [0x00000000e0000000,0x00000000e3afe660,0x00000000e7250000)
}

