# JRE version: 7.0_11-b21
# Java VM: Java HotSpot(TM) 64-Bit Server VM (23.6-b04 mixed mode windows-amd64 compressed oops)
Heap
 PSYoungGen      total 51712K, used 34573K [0x00000000fa000000, 0x00000000fec00000, 0x0000000100000000)
  eden space 39168K, 56% used [0x00000000fa000000,0x00000000fb58ff80,0x00000000fc640000)
  from space 12544K, 99% used [0x00000000fc790000,0x00000000fd3c3540,0x00000000fd3d0000)
  to   space 19328K, 0% used [0x00000000fd920000,0x00000000fd920000,0x00000000fec00000)
 ParOldGen       total 71680K, used 46398K [0x00000000e8000000, 0x00000000ec600000, 0x00000000fa000000)
  object space 71680K, 64% used [0x00000000e8000000,0x00000000ead4f840,0x00000000ec600000)
 PSPermGen       total 96768K, used 59835K [0x00000000e0000000, 0x00000000e5e80000, 0x00000000e8000000)
  object space 96768K, 61% used [0x00000000e0000000,0x00000000e3a6ee60,0x00000000e5e80000)
GC Heap History (10 events):
Event: 2679.298 GC heap before
{Heap before GC invocations=36 (full 1):
 PSYoungGen      total 67456K, used 62801K [0x00000000fa000000, 0x00000000ff850000, 0x0000000100000000)
  eden space 46528K, 99% used [0x00000000fa000000,0x00000000fcd6ffe0,0x00000000fcd70000)
  from space 20928K, 77% used [0x00000000fe380000,0x00000000ff364768,0x00000000ff7f0000)
  to   space 21952K, 0% used [0x00000000fcd70000,0x00000000fcd70000,0x00000000fe2e0000)
 ParOldGen       total 71680K, used 42053K [0x00000000e8000000, 0x00000000ec600000, 0x00000000fa000000)
  object space 71680K, 58% used [0x00000000e8000000,0x00000000ea9117b8,0x00000000ec600000)
 PSPermGen       total 96768K, used 59616K [0x00000000e0000000, 0x00000000e5e80000, 0x00000000e8000000)
  object space 96768K, 61% used [0x00000000e0000000,0x00000000e3a38280,0x00000000e5e80000)
Event: 2679.315 GC heap after
Heap after GC invocations=36 (full 1):
 PSYoungGen      total 60224K, used 15254K [0x00000000fa000000, 0x00000000ff780000, 0x0000000100000000)
  eden space 44928K, 0% used [0x00000000fa000000,0x00000000fa000000,0x00000000fcbe0000)
  from space 15296K, 99% used [0x00000000fcd70000,0x00000000fdc55b80,0x00000000fdc60000)
  to   space 22336K, 0% used [0x00000000fe1b0000,0x00000000fe1b0000,0x00000000ff780000)
 ParOldGen       total 71680K, used 43281K [0x00000000e8000000, 0x00000000ec600000, 0x00000000fa000000)
  object space 71680K, 60% used [0x00000000e8000000,0x00000000eaa447c8,0x00000000ec600000)
 PSPermGen       total 96768K, used 59616K [0x00000000e0000000, 0x00000000e5e80000, 0x00000000e8000000)
  object space 96768K, 61% used [0x00000000e0000000,0x00000000e3a38280,0x00000000e5e80000)
}
Event: 3456.267 GC heap before
{Heap before GC invocations=37 (full 1):
 PSYoungGen      total 60224K, used 60182K [0x00000000fa000000, 0x00000000ff780000, 0x0000000100000000)
  eden space 44928K, 100% used [0x00000000fa000000,0x00000000fcbe0000,0x00000000fcbe0000)
  from space 15296K, 99% used [0x00000000fcd70000,0x00000000fdc55b80,0x00000000fdc60000)
  to   space 22336K, 0% used [0x00000000fe1b0000,0x00000000fe1b0000,0x00000000ff780000)
 ParOldGen       total 71680K, used 43281K [0x00000000e8000000, 0x00000000ec600000, 0x00000000fa000000)
  object space 71680K, 60% used [0x00000000e8000000,0x00000000eaa447c8,0x00000000ec600000)
 PSPermGen       total 96768K, used 59616K [0x00000000e0000000, 0x00000000e5e80000, 0x00000000e8000000)
  object space 96768K, 61% used [0x00000000e0000000,0x00000000e3a382a0,0x00000000e5e80000)
Event: 3456.282 GC heap after
Heap after GC invocations=37 (full 1):
 PSYoungGen      total 62528K, used 12288K [0x00000000fa000000, 0x00000000ff460000, 0x0000000100000000)
  eden space 43392K, 0% used [0x00000000fa000000,0x00000000fa000000,0x00000000fca60000)
  from space 19136K, 64% used [0x00000000fe1b0000,0x00000000fedb0260,0x00000000ff460000)
  to   space 21504K, 0% used [0x00000000fca60000,0x00000000fca60000,0x00000000fdf60000)
 ParOldGen       total 71680K, used 45406K [0x00000000e8000000, 0x00000000ec600000, 0x00000000fa000000)
  object space 71680K, 63% used [0x00000000e8000000,0x00000000eac57828,0x00000000ec600000)
 PSPermGen       total 96768K, used 59616K [0x00000000e0000000, 0x00000000e5e80000, 0x00000000e8000000)
  object space 96768K, 61% used [0x00000000e0000000,0x00000000e3a382a0,0x00000000e5e80000)
}
Event: 3828.263 GC heap before
{Heap before GC invocations=38 (full 1):
 PSYoungGen      total 62528K, used 55680K [0x00000000fa000000, 0x00000000ff460000, 0x0000000100000000)
  eden space 43392K, 100% used [0x00000000fa000000,0x00000000fca60000,0x00000000fca60000)
  from space 19136K, 64% used [0x00000000fe1b0000,0x00000000fedb0260,0x00000000ff460000)
  to   space 21504K, 0% used [0x00000000fca60000,0x00000000fca60000,0x00000000fdf60000)
 ParOldGen       total 71680K, used 45406K [0x00000000e8000000, 0x00000000ec600000, 0x00000000fa000000)
  object space 71680K, 63% used [0x00000000e8000000,0x00000000eac57828,0x00000000ec600000)
 PSPermGen       total 96768K, used 59632K [0x00000000e0000000, 0x00000000e5e80000, 0x00000000e8000000)
  object space 96768K, 61% used [0x00000000e0000000,0x00000000e3a3c098,0x00000000e5e80000)
Event: 3828.272 GC heap after
Heap after GC invocations=38 (full 1):
 PSYoungGen      total 53440K, used 11493K [0x00000000fa000000, 0x00000000ff110000, 0x0000000100000000)
  eden space 41920K, 0% used [0x00000000fa000000,0x00000000fa000000,0x00000000fc8f0000)
  from space 11520K, 99% used [0x00000000fca60000,0x00000000fd599548,0x00000000fd5a0000)
  to   space 20544K, 0% used [0x00000000fdd00000,0x00000000fdd00000,0x00000000ff110000)
 ParOldGen       total 71680K, used 45942K [0x00000000e8000000, 0x00000000ec600000, 0x00000000fa000000)
  object space 71680K, 64% used [0x00000000e8000000,0x00000000eacdd828,0x00000000ec600000)
 PSPermGen       total 96768K, used 59632K [0x00000000e0000000, 0x00000000e5e80000, 0x00000000e8000000)
  object space 96768K, 61% used [0x00000000e0000000,0x00000000e3a3c098,0x00000000e5e80000)
}
Event: 3939.399 GC heap before
{Heap before GC invocations=39 (full 1):
 PSYoungGen      total 53440K, used 53413K [0x00000000fa000000, 0x00000000ff110000, 0x0000000100000000)
  eden space 41920K, 100% used [0x00000000fa000000,0x00000000fc8f0000,0x00000000fc8f0000)
  from space 11520K, 99% used [0x00000000fca60000,0x00000000fd599548,0x00000000fd5a0000)
  to   space 20544K, 0% used [0x00000000fdd00000,0x00000000fdd00000,0x00000000ff110000)
 ParOldGen       total 71680K, used 45942K [0x00000000e8000000, 0x00000000ec600000, 0x00000000fa000000)
  object space 71680K, 64% used [0x00000000e8000000,0x00000000eacdd828,0x00000000ec600000)
 PSPermGen       total 96768K, used 59781K [0x00000000e0000000, 0x00000000e5e80000, 0x00000000e8000000)
  object space 96768K, 61% used [0x00000000e0000000,0x00000000e3a61788,0x00000000e5e80000)
Event: 3939.412 GC heap after
Heap after GC invocations=39 (full 1):
 PSYoungGen      total 58368K, used 12299K [0x00000000fa000000, 0x00000000fee70000, 0x0000000100000000)
  eden space 40512K, 0% used [0x00000000fa000000,0x00000000fa000000,0x00000000fc790000)
  from space 17856K, 68% used [0x00000000fdd00000,0x00000000fe902dc0,0x00000000fee70000)
  to   space 19904K, 0% used [0x00000000fc790000,0x00000000fc790000,0x00000000fdb00000)
 ParOldGen       total 71680K, used 46102K [0x00000000e8000000, 0x00000000ec600000, 0x00000000fa000000)
  object space 71680K, 64% used [0x00000000e8000000,0x00000000ead05828,0x00000000ec600000)
 PSPermGen       total 96768K, used 59781K [0x00000000e0000000, 0x00000000e5e80000, 0x00000000e8000000)
  object space 96768K, 61% used [0x00000000e0000000,0x00000000e3a61788,0x00000000e5e80000)
}
Event: 3988.358 GC heap before
{Heap before GC invocations=40 (full 1):
 PSYoungGen      total 58368K, used 52811K [0x00000000fa000000, 0x00000000fee70000, 0x0000000100000000)
  eden space 40512K, 100% used [0x00000000fa000000,0x00000000fc790000,0x00000000fc790000)
  from space 17856K, 68% used [0x00000000fdd00000,0x00000000fe902dc0,0x00000000fee70000)
  to   space 19904K, 0% used [0x00000000fc790000,0x00000000fc790000,0x00000000fdb00000)
 ParOldGen       total 71680K, used 46102K [0x00000000e8000000, 0x00000000ec600000, 0x00000000fa000000)
  object space 71680K, 64% used [0x00000000e8000000,0x00000000ead05828,0x00000000ec600000)
 PSPermGen       total 96768K, used 59812K [0x00000000e0000000, 0x00000000e5e80000, 0x00000000e8000000)
  object space 96768K, 61% used [0x00000000e0000000,0x00000000e3a690f0,0x00000000e5e80000)
Event: 3988.365 GC heap after
Heap after GC invocations=40 (full 1):
 PSYoungGen      total 51712K, used 12493K [0x00000000fa000000, 0x00000000fec00000, 0x0000000100000000)
  eden space 39168K, 0% used [0x00000000fa000000,0x00000000fa000000,0x00000000fc640000)
  from space 12544K, 99% used [0x00000000fc790000,0x00000000fd3c3540,0x00000000fd3d0000)
  to   space 19328K, 0% used [0x00000000fd920000,0x00000000fd920000,0x00000000fec00000)
 ParOldGen       total 71680K, used 46398K [0x00000000e8000000, 0x00000000ec600000, 0x00000000fa000000)
  object space 71680K, 64% used [0x00000000e8000000,0x00000000ead4f840,0x00000000ec600000)
 PSPermGen       total 96768K, used 59812K [0x00000000e0000000, 0x00000000e5e80000, 0x00000000e8000000)
  object space 96768K, 61% used [0x00000000e0000000,0x00000000e3a690f0,0x00000000e5e80000)
}

