# JRE version: 7.0_11-b21
# Java VM: Java HotSpot(TM) 64-Bit Server VM (23.6-b04 mixed mode windows-amd64 compressed oops)
Heap
 PSYoungGen      total 64704K, used 37523K [0x00000000fa000000, 0x00000000fec40000, 0x0000000100000000)
  eden space 56320K, 51% used [0x00000000fa000000,0x00000000fbc75dc0,0x00000000fd700000)
  from space 8384K, 99% used [0x00000000fd9e0000,0x00000000fe20f0e0,0x00000000fe210000)
  to   space 10432K, 0% used [0x00000000fe210000,0x00000000fe210000,0x00000000fec40000)
 ParOldGen       total 76288K, used 51509K [0x00000000e8000000, 0x00000000eca80000, 0x00000000fa000000)
  object space 76288K, 67% used [0x00000000e8000000,0x00000000eb24d648,0x00000000eca80000)
 PSPermGen       total 96768K, used 60168K [0x00000000e0000000, 0x00000000e5e80000, 0x00000000e8000000)
  object space 96768K, 62% used [0x00000000e0000000,0x00000000e3ac23d0,0x00000000e5e80000)
GC Heap History (10 events):
Event: 544.586 GC heap before
{Heap before GC invocations=34 (full 1):
 PSYoungGen      total 74368K, used 74355K [0x00000000fa000000, 0x00000000ff480000, 0x0000000100000000)
  eden space 68224K, 100% used [0x00000000fa000000,0x00000000fe2a0000,0x00000000fe2a0000)
  from space 6144K, 99% used [0x00000000fee80000,0x00000000ff47ccd0,0x00000000ff480000)
  to   space 8768K, 0% used [0x00000000fe360000,0x00000000fe360000,0x00000000febf0000)
 ParOldGen       total 76288K, used 50468K [0x00000000e8000000, 0x00000000eca80000, 0x00000000fa000000)
  object space 76288K, 66% used [0x00000000e8000000,0x00000000eb149140,0x00000000eca80000)
 PSPermGen       total 96768K, used 59206K [0x00000000e0000000, 0x00000000e5e80000, 0x00000000e8000000)
  object space 96768K, 61% used [0x00000000e0000000,0x00000000e39d1a08,0x00000000e5e80000)
Event: 544.592 GC heap after
Heap after GC invocations=34 (full 1):
 PSYoungGen      total 72192K, used 6563K [0x00000000fa000000, 0x00000000ff170000, 0x0000000100000000)
  eden space 65600K, 0% used [0x00000000fa000000,0x00000000fa000000,0x00000000fe010000)
  from space 6592K, 99% used [0x00000000fe360000,0x00000000fe9c8cc0,0x00000000fe9d0000)
  to   space 7808K, 0% used [0x00000000fe9d0000,0x00000000fe9d0000,0x00000000ff170000)
 ParOldGen       total 76288K, used 50468K [0x00000000e8000000, 0x00000000eca80000, 0x00000000fa000000)
  object space 76288K, 66% used [0x00000000e8000000,0x00000000eb149140,0x00000000eca80000)
 PSPermGen       total 96768K, used 59206K [0x00000000e0000000, 0x00000000e5e80000, 0x00000000e8000000)
  object space 96768K, 61% used [0x00000000e0000000,0x00000000e39d1a08,0x00000000e5e80000)
}
Event: 647.621 GC heap before
{Heap before GC invocations=35 (full 1):
 PSYoungGen      total 72192K, used 72163K [0x00000000fa000000, 0x00000000ff170000, 0x0000000100000000)
  eden space 65600K, 100% used [0x00000000fa000000,0x00000000fe010000,0x00000000fe010000)
  from space 6592K, 99% used [0x00000000fe360000,0x00000000fe9c8cc0,0x00000000fe9d0000)
  to   space 7808K, 0% used [0x00000000fe9d0000,0x00000000fe9d0000,0x00000000ff170000)
 ParOldGen       total 76288K, used 50468K [0x00000000e8000000, 0x00000000eca80000, 0x00000000fa000000)
  object space 76288K, 66% used [0x00000000e8000000,0x00000000eb149140,0x00000000eca80000)
 PSPermGen       total 96768K, used 59718K [0x00000000e0000000, 0x00000000e5e80000, 0x00000000e8000000)
  object space 96768K, 61% used [0x00000000e0000000,0x00000000e3a51af8,0x00000000e5e80000)
Event: 647.633 GC heap after
Heap after GC invocations=35 (full 1):
 PSYoungGen      total 70912K, used 7805K [0x00000000fa000000, 0x00000000ff170000, 0x0000000100000000)
  eden space 63104K, 0% used [0x00000000fa000000,0x00000000fa000000,0x00000000fdda0000)
  from space 7808K, 99% used [0x00000000fe9d0000,0x00000000ff16f430,0x00000000ff170000)
  to   space 9600K, 0% used [0x00000000fdeb0000,0x00000000fdeb0000,0x00000000fe810000)
 ParOldGen       total 76288K, used 50717K [0x00000000e8000000, 0x00000000eca80000, 0x00000000fa000000)
  object space 76288K, 66% used [0x00000000e8000000,0x00000000eb187630,0x00000000eca80000)
 PSPermGen       total 96768K, used 59718K [0x00000000e0000000, 0x00000000e5e80000, 0x00000000e8000000)
  object space 96768K, 61% used [0x00000000e0000000,0x00000000e3a51af8,0x00000000e5e80000)
}
Event: 782.963 GC heap before
{Heap before GC invocations=36 (full 1):
 PSYoungGen      total 70912K, used 70909K [0x00000000fa000000, 0x00000000ff170000, 0x0000000100000000)
  eden space 63104K, 100% used [0x00000000fa000000,0x00000000fdda0000,0x00000000fdda0000)
  from space 7808K, 99% used [0x00000000fe9d0000,0x00000000ff16f430,0x00000000ff170000)
  to   space 9600K, 0% used [0x00000000fdeb0000,0x00000000fdeb0000,0x00000000fe810000)
 ParOldGen       total 76288K, used 50717K [0x00000000e8000000, 0x00000000eca80000, 0x00000000fa000000)
  object space 76288K, 66% used [0x00000000e8000000,0x00000000eb187630,0x00000000eca80000)
 PSPermGen       total 96768K, used 59764K [0x00000000e0000000, 0x00000000e5e80000, 0x00000000e8000000)
  object space 96768K, 61% used [0x00000000e0000000,0x00000000e3a5d1e0,0x00000000e5e80000)
Event: 782.971 GC heap after
Heap after GC invocations=36 (full 1):
 PSYoungGen      total 68672K, used 7896K [0x00000000fa000000, 0x00000000feef0000, 0x0000000100000000)
  eden space 60736K, 0% used [0x00000000fa000000,0x00000000fa000000,0x00000000fdb50000)
  from space 7936K, 99% used [0x00000000fdeb0000,0x00000000fe666338,0x00000000fe670000)
  to   space 8704K, 0% used [0x00000000fe670000,0x00000000fe670000,0x00000000feef0000)
 ParOldGen       total 76288K, used 51509K [0x00000000e8000000, 0x00000000eca80000, 0x00000000fa000000)
  object space 76288K, 67% used [0x00000000e8000000,0x00000000eb24d648,0x00000000eca80000)
 PSPermGen       total 96768K, used 59764K [0x00000000e0000000, 0x00000000e5e80000, 0x00000000e8000000)
  object space 96768K, 61% used [0x00000000e0000000,0x00000000e3a5d1e0,0x00000000e5e80000)
}
Event: 854.433 GC heap before
{Heap before GC invocations=37 (full 1):
 PSYoungGen      total 68672K, used 68632K [0x00000000fa000000, 0x00000000feef0000, 0x0000000100000000)
  eden space 60736K, 100% used [0x00000000fa000000,0x00000000fdb50000,0x00000000fdb50000)
  from space 7936K, 99% used [0x00000000fdeb0000,0x00000000fe666338,0x00000000fe670000)
  to   space 8704K, 0% used [0x00000000fe670000,0x00000000fe670000,0x00000000feef0000)
 ParOldGen       total 76288K, used 51509K [0x00000000e8000000, 0x00000000eca80000, 0x00000000fa000000)
  object space 76288K, 67% used [0x00000000e8000000,0x00000000eb24d648,0x00000000eca80000)
 PSPermGen       total 96768K, used 59875K [0x00000000e0000000, 0x00000000e5e80000, 0x00000000e8000000)
  object space 96768K, 61% used [0x00000000e0000000,0x00000000e3a78c78,0x00000000e5e80000)
Event: 854.440 GC heap after
Heap after GC invocations=37 (full 1):
 PSYoungGen      total 66496K, used 7948K [0x00000000fa000000, 0x00000000fee40000, 0x0000000100000000)
  eden space 58496K, 0% used [0x00000000fa000000,0x00000000fa000000,0x00000000fd920000)
  from space 8000K, 99% used [0x00000000fe670000,0x00000000fee330f0,0x00000000fee40000)
  to   space 10432K, 0% used [0x00000000fd9e0000,0x00000000fd9e0000,0x00000000fe410000)
 ParOldGen       total 76288K, used 51509K [0x00000000e8000000, 0x00000000eca80000, 0x00000000fa000000)
  object space 76288K, 67% used [0x00000000e8000000,0x00000000eb24d648,0x00000000eca80000)
 PSPermGen       total 96768K, used 59875K [0x00000000e0000000, 0x00000000e5e80000, 0x00000000e8000000)
  object space 96768K, 61% used [0x00000000e0000000,0x00000000e3a78c78,0x00000000e5e80000)
}
Event: 919.993 GC heap before
{Heap before GC invocations=38 (full 1):
 PSYoungGen      total 66496K, used 66444K [0x00000000fa000000, 0x00000000fee40000, 0x0000000100000000)
  eden space 58496K, 100% used [0x00000000fa000000,0x00000000fd920000,0x00000000fd920000)
  from space 8000K, 99% used [0x00000000fe670000,0x00000000fee330f0,0x00000000fee40000)
  to   space 10432K, 0% used [0x00000000fd9e0000,0x00000000fd9e0000,0x00000000fe410000)
 ParOldGen       total 76288K, used 51509K [0x00000000e8000000, 0x00000000eca80000, 0x00000000fa000000)
  object space 76288K, 67% used [0x00000000e8000000,0x00000000eb24d648,0x00000000eca80000)
 PSPermGen       total 96768K, used 60084K [0x00000000e0000000, 0x00000000e5e80000, 0x00000000e8000000)
  object space 96768K, 62% used [0x00000000e0000000,0x00000000e3aad120,0x00000000e5e80000)
Event: 920.002 GC heap after
Heap after GC invocations=38 (full 1):
 PSYoungGen      total 64704K, used 8380K [0x00000000fa000000, 0x00000000fec40000, 0x0000000100000000)
  eden space 56320K, 0% used [0x00000000fa000000,0x00000000fa000000,0x00000000fd700000)
  from space 8384K, 99% used [0x00000000fd9e0000,0x00000000fe20f0e0,0x00000000fe210000)
  to   space 10432K, 0% used [0x00000000fe210000,0x00000000fe210000,0x00000000fec40000)
 ParOldGen       total 76288K, used 51509K [0x00000000e8000000, 0x00000000eca80000, 0x00000000fa000000)
  object space 76288K, 67% used [0x00000000e8000000,0x00000000eb24d648,0x00000000eca80000)
 PSPermGen       total 96768K, used 60084K [0x00000000e0000000, 0x00000000e5e80000, 0x00000000e8000000)
  object space 96768K, 62% used [0x00000000e0000000,0x00000000e3aad120,0x00000000e5e80000)
}

